<?xml version="1.0" encoding="UTF-8"?>
<testsuite xmlns:xsi="http://www.w3.org/2001/XMLSchema-instance" xsi:noNamespaceSchemaLocation="https://maven.apache.org/surefire/maven-surefire-plugin/xsd/surefire-test-report.xsd" name="com.heima.RedisDemoApplicationTests" time="3.571" tests="2" errors="0" skipped="0" failures="0">
  <properties>
    <property name="awt.toolkit" value="sun.awt.X11.XToolkit"/>
    <property name="file.encoding.pkg" value="sun.io"/>
    <property name="java.specification.version" value="1.8"/>
    <property name="sun.cpu.isalist" value=""/>
    <property name="sun.jnu.encoding" value="UTF-8"/>
    <property name="java.class.path" value="/root/RedisEnhencePractice/RedisBase/redis-demo/target/test-classes:/root/RedisEnhencePractice/RedisBase/redis-demo/target/classes:/usr/local/apache-maven-3.8.6/MAVEN_RESP/org/springframework/boot/spring-boot-starter-data-redis/2.5.7/spring-boot-starter-data-redis-2.5.7.jar:/usr/local/apache-maven-3.8.6/MAVEN_RESP/org/springframework/boot/spring-boot-starter/2.5.7/spring-boot-starter-2.5.7.jar:/usr/local/apache-maven-3.8.6/MAVEN_RESP/org/springframework/boot/spring-boot/2.5.7/spring-boot-2.5.7.jar:/usr/local/apache-maven-3.8.6/MAVEN_RESP/org/springframework/spring-context/5.3.13/spring-context-5.3.13.jar:/usr/local/apache-maven-3.8.6/MAVEN_RESP/org/springframework/spring-expression/5.3.13/spring-expression-5.3.13.jar:/usr/local/apache-maven-3.8.6/MAVEN_RESP/org/springframework/boot/spring-boot-autoconfigure/2.5.7/spring-boot-autoconfigure-2.5.7.jar:/usr/local/apache-maven-3.8.6/MAVEN_RESP/org/springframework/boot/spring-boot-starter-logging/2.5.7/spring-boot-starter-logging-2.5.7.jar:/usr/local/apache-maven-3.8.6/MAVEN_RESP/ch/qos/logback/logback-classic/1.2.7/logback-classic-1.2.7.jar:/usr/local/apache-maven-3.8.6/MAVEN_RESP/ch/qos/logback/logback-core/1.2.7/logback-core-1.2.7.jar:/usr/local/apache-maven-3.8.6/MAVEN_RESP/org/apache/logging/log4j/log4j-to-slf4j/2.14.1/log4j-to-slf4j-2.14.1.jar:/usr/local/apache-maven-3.8.6/MAVEN_RESP/org/apache/logging/log4j/log4j-api/2.14.1/log4j-api-2.14.1.jar:/usr/local/apache-maven-3.8.6/MAVEN_RESP/org/slf4j/jul-to-slf4j/1.7.32/jul-to-slf4j-1.7.32.jar:/usr/local/apache-maven-3.8.6/MAVEN_RESP/jakarta/annotation/jakarta.annotation-api/1.3.5/jakarta.annotation-api-1.3.5.jar:/usr/local/apache-maven-3.8.6/MAVEN_RESP/org/yaml/snakeyaml/1.28/snakeyaml-1.28.jar:/usr/local/apache-maven-3.8.6/MAVEN_RESP/org/springframework/data/spring-data-redis/2.5.7/spring-data-redis-2.5.7.jar:/usr/local/apache-maven-3.8.6/MAVEN_RESP/org/springframework/data/spring-data-keyvalue/2.5.7/spring-data-keyvalue-2.5.7.jar:/usr/local/apache-maven-3.8.6/MAVEN_RESP/org/springframework/data/spring-data-commons/2.5.7/spring-data-commons-2.5.7.jar:/usr/local/apache-maven-3.8.6/MAVEN_RESP/org/springframework/spring-tx/5.3.13/spring-tx-5.3.13.jar:/usr/local/apache-maven-3.8.6/MAVEN_RESP/org/springframework/spring-beans/5.3.13/spring-beans-5.3.13.jar:/usr/local/apache-maven-3.8.6/MAVEN_RESP/org/springframework/spring-oxm/5.3.13/spring-oxm-5.3.13.jar:/usr/local/apache-maven-3.8.6/MAVEN_RESP/org/springframework/spring-aop/5.3.13/spring-aop-5.3.13.jar:/usr/local/apache-maven-3.8.6/MAVEN_RESP/org/springframework/spring-context-support/5.3.13/spring-context-support-5.3.13.jar:/usr/local/apache-maven-3.8.6/MAVEN_RESP/io/lettuce/lettuce-core/6.1.5.RELEASE/lettuce-core-6.1.5.RELEASE.jar:/usr/local/apache-maven-3.8.6/MAVEN_RESP/io/netty/netty-common/4.1.70.Final/netty-common-4.1.70.Final.jar:/usr/local/apache-maven-3.8.6/MAVEN_RESP/io/netty/netty-handler/4.1.70.Final/netty-handler-4.1.70.Final.jar:/usr/local/apache-maven-3.8.6/MAVEN_RESP/io/netty/netty-resolver/4.1.70.Final/netty-resolver-4.1.70.Final.jar:/usr/local/apache-maven-3.8.6/MAVEN_RESP/io/netty/netty-buffer/4.1.70.Final/netty-buffer-4.1.70.Final.jar:/usr/local/apache-maven-3.8.6/MAVEN_RESP/io/netty/netty-codec/4.1.70.Final/netty-codec-4.1.70.Final.jar:/usr/local/apache-maven-3.8.6/MAVEN_RESP/io/netty/netty-transport/4.1.70.Final/netty-transport-4.1.70.Final.jar:/usr/local/apache-maven-3.8.6/MAVEN_RESP/io/projectreactor/reactor-core/3.4.12/reactor-core-3.4.12.jar:/usr/local/apache-maven-3.8.6/MAVEN_RESP/org/reactivestreams/reactive-streams/1.0.3/reactive-streams-1.0.3.jar:/usr/local/apache-maven-3.8.6/MAVEN_RESP/org/apache/commons/commons-pool2/2.9.0/commons-pool2-2.9.0.jar:/usr/local/apache-maven-3.8.6/MAVEN_RESP/com/fasterxml/jackson/core/jackson-databind/2.12.5/jackson-databind-2.12.5.jar:/usr/local/apache-maven-3.8.6/MAVEN_RESP/com/fasterxml/jackson/core/jackson-annotations/2.12.5/jackson-annotations-2.12.5.jar:/usr/local/apache-maven-3.8.6/MAVEN_RESP/com/fasterxml/jackson/core/jackson-core/2.12.5/jackson-core-2.12.5.jar:/usr/local/apache-maven-3.8.6/MAVEN_RESP/org/projectlombok/lombok/1.18.22/lombok-1.18.22.jar:/usr/local/apache-maven-3.8.6/MAVEN_RESP/org/springframework/boot/spring-boot-starter-test/2.5.7/spring-boot-starter-test-2.5.7.jar:/usr/local/apache-maven-3.8.6/MAVEN_RESP/org/springframework/boot/spring-boot-test/2.5.7/spring-boot-test-2.5.7.jar:/usr/local/apache-maven-3.8.6/MAVEN_RESP/org/springframework/boot/spring-boot-test-autoconfigure/2.5.7/spring-boot-test-autoconfigure-2.5.7.jar:/usr/local/apache-maven-3.8.6/MAVEN_RESP/com/jayway/jsonpath/json-path/2.5.0/json-path-2.5.0.jar:/usr/local/apache-maven-3.8.6/MAVEN_RESP/net/minidev/json-smart/2.4.7/json-smart-2.4.7.jar:/usr/local/apache-maven-3.8.6/MAVEN_RESP/net/minidev/accessors-smart/2.4.7/accessors-smart-2.4.7.jar:/usr/local/apache-maven-3.8.6/MAVEN_RESP/org/ow2/asm/asm/9.1/asm-9.1.jar:/usr/local/apache-maven-3.8.6/MAVEN_RESP/jakarta/xml/bind/jakarta.xml.bind-api/2.3.3/jakarta.xml.bind-api-2.3.3.jar:/usr/local/apache-maven-3.8.6/MAVEN_RESP/jakarta/activation/jakarta.activation-api/1.2.2/jakarta.activation-api-1.2.2.jar:/usr/local/apache-maven-3.8.6/MAVEN_RESP/org/assertj/assertj-core/3.19.0/assertj-core-3.19.0.jar:/usr/local/apache-maven-3.8.6/MAVEN_RESP/org/hamcrest/hamcrest/2.2/hamcrest-2.2.jar:/usr/local/apache-maven-3.8.6/MAVEN_RESP/org/junit/jupiter/junit-jupiter/5.7.2/junit-jupiter-5.7.2.jar:/usr/local/apache-maven-3.8.6/MAVEN_RESP/org/junit/jupiter/junit-jupiter-api/5.7.2/junit-jupiter-api-5.7.2.jar:/usr/local/apache-maven-3.8.6/MAVEN_RESP/org/apiguardian/apiguardian-api/1.1.0/apiguardian-api-1.1.0.jar:/usr/local/apache-maven-3.8.6/MAVEN_RESP/org/opentest4j/opentest4j/1.2.0/opentest4j-1.2.0.jar:/usr/local/apache-maven-3.8.6/MAVEN_RESP/org/junit/platform/junit-platform-commons/1.7.2/junit-platform-commons-1.7.2.jar:/usr/local/apache-maven-3.8.6/MAVEN_RESP/org/junit/jupiter/junit-jupiter-params/5.7.2/junit-jupiter-params-5.7.2.jar:/usr/local/apache-maven-3.8.6/MAVEN_RESP/org/junit/jupiter/junit-jupiter-engine/5.7.2/junit-jupiter-engine-5.7.2.jar:/usr/local/apache-maven-3.8.6/MAVEN_RESP/org/junit/platform/junit-platform-engine/1.7.2/junit-platform-engine-1.7.2.jar:/usr/local/apache-maven-3.8.6/MAVEN_RESP/org/mockito/mockito-core/3.9.0/mockito-core-3.9.0.jar:/usr/local/apache-maven-3.8.6/MAVEN_RESP/net/bytebuddy/byte-buddy/1.10.22/byte-buddy-1.10.22.jar:/usr/local/apache-maven-3.8.6/MAVEN_RESP/net/bytebuddy/byte-buddy-agent/1.10.22/byte-buddy-agent-1.10.22.jar:/usr/local/apache-maven-3.8.6/MAVEN_RESP/org/objenesis/objenesis/3.2/objenesis-3.2.jar:/usr/local/apache-maven-3.8.6/MAVEN_RESP/org/mockito/mockito-junit-jupiter/3.9.0/mockito-junit-jupiter-3.9.0.jar:/usr/local/apache-maven-3.8.6/MAVEN_RESP/org/skyscreamer/jsonassert/1.5.0/jsonassert-1.5.0.jar:/usr/local/apache-maven-3.8.6/MAVEN_RESP/com/vaadin/external/google/android-json/0.0.20131108.vaadin1/android-json-0.0.20131108.vaadin1.jar:/usr/local/apache-maven-3.8.6/MAVEN_RESP/org/springframework/spring-core/5.3.13/spring-core-5.3.13.jar:/usr/local/apache-maven-3.8.6/MAVEN_RESP/org/springframework/spring-jcl/5.3.13/spring-jcl-5.3.13.jar:/usr/local/apache-maven-3.8.6/MAVEN_RESP/org/springframework/spring-test/5.3.13/spring-test-5.3.13.jar:/usr/local/apache-maven-3.8.6/MAVEN_RESP/org/xmlunit/xmlunit-core/2.8.3/xmlunit-core-2.8.3.jar:/usr/local/apache-maven-3.8.6/MAVEN_RESP/redis/clients/jedis/3.7.0/jedis-3.7.0.jar:/usr/local/apache-maven-3.8.6/MAVEN_RESP/org/slf4j/slf4j-api/1.7.32/slf4j-api-1.7.32.jar:"/>
    <property name="java.vm.vendor" value="Oracle Corporation"/>
    <property name="sun.arch.data.model" value="64"/>
    <property name="java.vendor.url" value="http://java.oracle.com/"/>
    <property name="user.timezone" value=""/>
    <property name="java.vm.specification.version" value="1.8"/>
    <property name="os.name" value="Linux"/>
    <property name="user.country" value="CN"/>
    <property name="sun.java.launcher" value="SUN_STANDARD"/>
    <property name="sun.boot.library.path" value="/usr/local/jdk1.8.0_333/jre/lib/amd64"/>
    <property name="sun.java.command" value="/root/RedisEnhencePractice/RedisBase/redis-demo/target/surefire/surefirebooter2368432147117463760.jar /root/RedisEnhencePractice/RedisBase/redis-demo/target/surefire 2022-08-21T11-32-45_893-jvmRun1 surefire8718090642051217031tmp surefire_01068869728880578968tmp"/>
    <property name="surefire.test.class.path" value="/root/RedisEnhencePractice/RedisBase/redis-demo/target/test-classes:/root/RedisEnhencePractice/RedisBase/redis-demo/target/classes:/usr/local/apache-maven-3.8.6/MAVEN_RESP/org/springframework/boot/spring-boot-starter-data-redis/2.5.7/spring-boot-starter-data-redis-2.5.7.jar:/usr/local/apache-maven-3.8.6/MAVEN_RESP/org/springframework/boot/spring-boot-starter/2.5.7/spring-boot-starter-2.5.7.jar:/usr/local/apache-maven-3.8.6/MAVEN_RESP/org/springframework/boot/spring-boot/2.5.7/spring-boot-2.5.7.jar:/usr/local/apache-maven-3.8.6/MAVEN_RESP/org/springframework/spring-context/5.3.13/spring-context-5.3.13.jar:/usr/local/apache-maven-3.8.6/MAVEN_RESP/org/springframework/spring-expression/5.3.13/spring-expression-5.3.13.jar:/usr/local/apache-maven-3.8.6/MAVEN_RESP/org/springframework/boot/spring-boot-autoconfigure/2.5.7/spring-boot-autoconfigure-2.5.7.jar:/usr/local/apache-maven-3.8.6/MAVEN_RESP/org/springframework/boot/spring-boot-starter-logging/2.5.7/spring-boot-starter-logging-2.5.7.jar:/usr/local/apache-maven-3.8.6/MAVEN_RESP/ch/qos/logback/logback-classic/1.2.7/logback-classic-1.2.7.jar:/usr/local/apache-maven-3.8.6/MAVEN_RESP/ch/qos/logback/logback-core/1.2.7/logback-core-1.2.7.jar:/usr/local/apache-maven-3.8.6/MAVEN_RESP/org/apache/logging/log4j/log4j-to-slf4j/2.14.1/log4j-to-slf4j-2.14.1.jar:/usr/local/apache-maven-3.8.6/MAVEN_RESP/org/apache/logging/log4j/log4j-api/2.14.1/log4j-api-2.14.1.jar:/usr/local/apache-maven-3.8.6/MAVEN_RESP/org/slf4j/jul-to-slf4j/1.7.32/jul-to-slf4j-1.7.32.jar:/usr/local/apache-maven-3.8.6/MAVEN_RESP/jakarta/annotation/jakarta.annotation-api/1.3.5/jakarta.annotation-api-1.3.5.jar:/usr/local/apache-maven-3.8.6/MAVEN_RESP/org/yaml/snakeyaml/1.28/snakeyaml-1.28.jar:/usr/local/apache-maven-3.8.6/MAVEN_RESP/org/springframework/data/spring-data-redis/2.5.7/spring-data-redis-2.5.7.jar:/usr/local/apache-maven-3.8.6/MAVEN_RESP/org/springframework/data/spring-data-keyvalue/2.5.7/spring-data-keyvalue-2.5.7.jar:/usr/local/apache-maven-3.8.6/MAVEN_RESP/org/springframework/data/spring-data-commons/2.5.7/spring-data-commons-2.5.7.jar:/usr/local/apache-maven-3.8.6/MAVEN_RESP/org/springframework/spring-tx/5.3.13/spring-tx-5.3.13.jar:/usr/local/apache-maven-3.8.6/MAVEN_RESP/org/springframework/spring-beans/5.3.13/spring-beans-5.3.13.jar:/usr/local/apache-maven-3.8.6/MAVEN_RESP/org/springframework/spring-oxm/5.3.13/spring-oxm-5.3.13.jar:/usr/local/apache-maven-3.8.6/MAVEN_RESP/org/springframework/spring-aop/5.3.13/spring-aop-5.3.13.jar:/usr/local/apache-maven-3.8.6/MAVEN_RESP/org/springframework/spring-context-support/5.3.13/spring-context-support-5.3.13.jar:/usr/local/apache-maven-3.8.6/MAVEN_RESP/io/lettuce/lettuce-core/6.1.5.RELEASE/lettuce-core-6.1.5.RELEASE.jar:/usr/local/apache-maven-3.8.6/MAVEN_RESP/io/netty/netty-common/4.1.70.Final/netty-common-4.1.70.Final.jar:/usr/local/apache-maven-3.8.6/MAVEN_RESP/io/netty/netty-handler/4.1.70.Final/netty-handler-4.1.70.Final.jar:/usr/local/apache-maven-3.8.6/MAVEN_RESP/io/netty/netty-resolver/4.1.70.Final/netty-resolver-4.1.70.Final.jar:/usr/local/apache-maven-3.8.6/MAVEN_RESP/io/netty/netty-buffer/4.1.70.Final/netty-buffer-4.1.70.Final.jar:/usr/local/apache-maven-3.8.6/MAVEN_RESP/io/netty/netty-codec/4.1.70.Final/netty-codec-4.1.70.Final.jar:/usr/local/apache-maven-3.8.6/MAVEN_RESP/io/netty/netty-transport/4.1.70.Final/netty-transport-4.1.70.Final.jar:/usr/local/apache-maven-3.8.6/MAVEN_RESP/io/projectreactor/reactor-core/3.4.12/reactor-core-3.4.12.jar:/usr/local/apache-maven-3.8.6/MAVEN_RESP/org/reactivestreams/reactive-streams/1.0.3/reactive-streams-1.0.3.jar:/usr/local/apache-maven-3.8.6/MAVEN_RESP/org/apache/commons/commons-pool2/2.9.0/commons-pool2-2.9.0.jar:/usr/local/apache-maven-3.8.6/MAVEN_RESP/com/fasterxml/jackson/core/jackson-databind/2.12.5/jackson-databind-2.12.5.jar:/usr/local/apache-maven-3.8.6/MAVEN_RESP/com/fasterxml/jackson/core/jackson-annotations/2.12.5/jackson-annotations-2.12.5.jar:/usr/local/apache-maven-3.8.6/MAVEN_RESP/com/fasterxml/jackson/core/jackson-core/2.12.5/jackson-core-2.12.5.jar:/usr/local/apache-maven-3.8.6/MAVEN_RESP/org/projectlombok/lombok/1.18.22/lombok-1.18.22.jar:/usr/local/apache-maven-3.8.6/MAVEN_RESP/org/springframework/boot/spring-boot-starter-test/2.5.7/spring-boot-starter-test-2.5.7.jar:/usr/local/apache-maven-3.8.6/MAVEN_RESP/org/springframework/boot/spring-boot-test/2.5.7/spring-boot-test-2.5.7.jar:/usr/local/apache-maven-3.8.6/MAVEN_RESP/org/springframework/boot/spring-boot-test-autoconfigure/2.5.7/spring-boot-test-autoconfigure-2.5.7.jar:/usr/local/apache-maven-3.8.6/MAVEN_RESP/com/jayway/jsonpath/json-path/2.5.0/json-path-2.5.0.jar:/usr/local/apache-maven-3.8.6/MAVEN_RESP/net/minidev/json-smart/2.4.7/json-smart-2.4.7.jar:/usr/local/apache-maven-3.8.6/MAVEN_RESP/net/minidev/accessors-smart/2.4.7/accessors-smart-2.4.7.jar:/usr/local/apache-maven-3.8.6/MAVEN_RESP/org/ow2/asm/asm/9.1/asm-9.1.jar:/usr/local/apache-maven-3.8.6/MAVEN_RESP/jakarta/xml/bind/jakarta.xml.bind-api/2.3.3/jakarta.xml.bind-api-2.3.3.jar:/usr/local/apache-maven-3.8.6/MAVEN_RESP/jakarta/activation/jakarta.activation-api/1.2.2/jakarta.activation-api-1.2.2.jar:/usr/local/apache-maven-3.8.6/MAVEN_RESP/org/assertj/assertj-core/3.19.0/assertj-core-3.19.0.jar:/usr/local/apache-maven-3.8.6/MAVEN_RESP/org/hamcrest/hamcrest/2.2/hamcrest-2.2.jar:/usr/local/apache-maven-3.8.6/MAVEN_RESP/org/junit/jupiter/junit-jupiter/5.7.2/junit-jupiter-5.7.2.jar:/usr/local/apache-maven-3.8.6/MAVEN_RESP/org/junit/jupiter/junit-jupiter-api/5.7.2/junit-jupiter-api-5.7.2.jar:/usr/local/apache-maven-3.8.6/MAVEN_RESP/org/apiguardian/apiguardian-api/1.1.0/apiguardian-api-1.1.0.jar:/usr/local/apache-maven-3.8.6/MAVEN_RESP/org/opentest4j/opentest4j/1.2.0/opentest4j-1.2.0.jar:/usr/local/apache-maven-3.8.6/MAVEN_RESP/org/junit/platform/junit-platform-commons/1.7.2/junit-platform-commons-1.7.2.jar:/usr/local/apache-maven-3.8.6/MAVEN_RESP/org/junit/jupiter/junit-jupiter-params/5.7.2/junit-jupiter-params-5.7.2.jar:/usr/local/apache-maven-3.8.6/MAVEN_RESP/org/junit/jupiter/junit-jupiter-engine/5.7.2/junit-jupiter-engine-5.7.2.jar:/usr/local/apache-maven-3.8.6/MAVEN_RESP/org/junit/platform/junit-platform-engine/1.7.2/junit-platform-engine-1.7.2.jar:/usr/local/apache-maven-3.8.6/MAVEN_RESP/org/mockito/mockito-core/3.9.0/mockito-core-3.9.0.jar:/usr/local/apache-maven-3.8.6/MAVEN_RESP/net/bytebuddy/byte-buddy/1.10.22/byte-buddy-1.10.22.jar:/usr/local/apache-maven-3.8.6/MAVEN_RESP/net/bytebuddy/byte-buddy-agent/1.10.22/byte-buddy-agent-1.10.22.jar:/usr/local/apache-maven-3.8.6/MAVEN_RESP/org/objenesis/objenesis/3.2/objenesis-3.2.jar:/usr/local/apache-maven-3.8.6/MAVEN_RESP/org/mockito/mockito-junit-jupiter/3.9.0/mockito-junit-jupiter-3.9.0.jar:/usr/local/apache-maven-3.8.6/MAVEN_RESP/org/skyscreamer/jsonassert/1.5.0/jsonassert-1.5.0.jar:/usr/local/apache-maven-3.8.6/MAVEN_RESP/com/vaadin/external/google/android-json/0.0.20131108.vaadin1/android-json-0.0.20131108.vaadin1.jar:/usr/local/apache-maven-3.8.6/MAVEN_RESP/org/springframework/spring-core/5.3.13/spring-core-5.3.13.jar:/usr/local/apache-maven-3.8.6/MAVEN_RESP/org/springframework/spring-jcl/5.3.13/spring-jcl-5.3.13.jar:/usr/local/apache-maven-3.8.6/MAVEN_RESP/org/springframework/spring-test/5.3.13/spring-test-5.3.13.jar:/usr/local/apache-maven-3.8.6/MAVEN_RESP/org/xmlunit/xmlunit-core/2.8.3/xmlunit-core-2.8.3.jar:/usr/local/apache-maven-3.8.6/MAVEN_RESP/redis/clients/jedis/3.7.0/jedis-3.7.0.jar:/usr/local/apache-maven-3.8.6/MAVEN_RESP/org/slf4j/slf4j-api/1.7.32/slf4j-api-1.7.32.jar:"/>
    <property name="sun.cpu.endian" value="little"/>
    <property name="user.home" value="/root"/>
    <property name="user.language" value="zh"/>
    <property name="java.specification.vendor" value="Oracle Corporation"/>
    <property name="java.home" value="/usr/local/jdk1.8.0_333/jre"/>
    <property name="basedir" value="/root/RedisEnhencePractice/RedisBase/redis-demo"/>
    <property name="file.separator" value="/"/>
    <property name="line.separator" value="&#10;"/>
    <property name="java.vm.specification.vendor" value="Oracle Corporation"/>
    <property name="java.specification.name" value="Java Platform API Specification"/>
    <property name="java.awt.graphicsenv" value="sun.awt.X11GraphicsEnvironment"/>
    <property name="surefire.real.class.path" value="/root/RedisEnhencePractice/RedisBase/redis-demo/target/surefire/surefirebooter2368432147117463760.jar"/>
    <property name="sun.boot.class.path" value="/usr/local/jdk1.8.0_333/jre/lib/resources.jar:/usr/local/jdk1.8.0_333/jre/lib/rt.jar:/usr/local/jdk1.8.0_333/jre/lib/sunrsasign.jar:/usr/local/jdk1.8.0_333/jre/lib/jsse.jar:/usr/local/jdk1.8.0_333/jre/lib/jce.jar:/usr/local/jdk1.8.0_333/jre/lib/charsets.jar:/usr/local/jdk1.8.0_333/jre/lib/jfr.jar:/usr/local/jdk1.8.0_333/jre/classes"/>
    <property name="sun.management.compiler" value="HotSpot 64-Bit Tiered Compilers"/>
    <property name="java.runtime.version" value="1.8.0_202-b08"/>
    <property name="user.name" value="root"/>
    <property name="path.separator" value=":"/>
    <property name="os.version" value="5.17.15-bbrplus"/>
    <property name="java.endorsed.dirs" value="/usr/local/jdk1.8.0_333/jre/lib/endorsed"/>
    <property name="java.runtime.name" value="Java(TM) SE Runtime Environment"/>
    <property name="file.encoding" value="UTF-8"/>
    <property name="java.vm.name" value="Java HotSpot(TM) 64-Bit Server VM"/>
    <property name="localRepository" value="/usr/local/apache-maven-3.8.6/MAVEN_RESP"/>
    <property name="java.vendor.url.bug" value="http://bugreport.sun.com/bugreport/"/>
    <property name="java.io.tmpdir" value="/tmp"/>
    <property name="java.version" value="1.8.0_202"/>
    <property name="user.dir" value="/root/RedisEnhencePractice/RedisBase/redis-demo"/>
    <property name="os.arch" value="amd64"/>
    <property name="java.vm.specification.name" value="Java Virtual Machine Specification"/>
    <property name="java.awt.printerjob" value="sun.print.PSPrinterJob"/>
    <property name="sun.os.patch.level" value="unknown"/>
    <property name="java.library.path" value="/usr/java/packages/lib/amd64:/usr/lib64:/lib64:/lib:/usr/lib"/>
    <property name="java.vm.info" value="mixed mode"/>
    <property name="java.vendor" value="Oracle Corporation"/>
    <property name="java.vm.version" value="25.202-b08"/>
    <property name="java.ext.dirs" value="/usr/local/jdk1.8.0_333/jre/lib/ext:/usr/java/packages/lib/ext"/>
    <property name="sun.io.unicode.encoding" value="UnicodeLittle"/>
    <property name="java.class.version" value="52.0"/>
  </properties>
  <testcase name="testSaveUser" classname="com.heima.RedisDemoApplicationTests" time="0.967"/>
  <testcase name="testString" classname="com.heima.RedisDemoApplicationTests" time="0.006"/>
</testsuite>